<?xml version="1.0" encoding="UTF-8"?>
<!-- Generated by org.testng.reporters.JUnitXMLReporter -->
<testsuite ignored="1" hostname="Ora" failures="0" tests="2" name="Test1" time="16.719" errors="0" timestamp="2021-06-15T06:52:07 CDT">
  <testcase classname="test.TestNG_Demo" name="googleSearch" time="2.525"/>
  <testcase classname="test.TestNG_Demo2" name="googleSearch2" time="4.59"/>
  <testcase classname="test.TestNG_Demo2" name="googleSearch3" time="0.0">
    <ignored/>
  </testcase> <!-- googleSearch3 -->
</testsuite> <!-- Test1 -->
