<?xml version="1.0" encoding="UTF-8"?>
<testng-results ignored="0" total="1" passed="1" failed="0" skipped="0">
  <reporter-output>
  </reporter-output>
  <suite started-at="2021-07-08T01:58:59 CDT" name="Default suite" finished-at="2021-07-08T01:59:13 CDT" duration-ms="14143">
    <groups>
    </groups>
    <test started-at="2021-07-08T01:58:59 CDT" name="Default test" finished-at="2021-07-08T01:59:13 CDT" duration-ms="14143">
      <class name="test.TestNG_Demo">
        <test-method is-config="true" signature="setUpTest()[pri:0, instance:test.TestNG_Demo@48974e45]" started-at="2021-07-08T01:58:59 CDT" name="setUpTest" finished-at="2021-07-08T01:59:02 CDT" duration-ms="3656" status="PASS">
          <reporter-output>
          </reporter-output>
        </test-method> <!-- setUpTest -->
        <test-method signature="googleSearch()[pri:0, instance:test.TestNG_Demo@48974e45]" started-at="2021-07-08T01:59:03 CDT" name="googleSearch" finished-at="2021-07-08T01:59:06 CDT" duration-ms="3252" status="PASS">
          <reporter-output>
          </reporter-output>
        </test-method> <!-- googleSearch -->
        <test-method is-config="true" signature="tearDownTest()[pri:0, instance:test.TestNG_Demo@48974e45]" started-at="2021-07-08T01:59:06 CDT" name="tearDownTest" finished-at="2021-07-08T01:59:13 CDT" duration-ms="7185" status="PASS">
          <reporter-output>
          </reporter-output>
        </test-method> <!-- tearDownTest -->
      </class> <!-- test.TestNG_Demo -->
    </test> <!-- Default test -->
  </suite> <!-- Default suite -->
</testng-results>
